<?xml version="1.0" encoding="UTF-8"?>
<testng-results skipped="0" failed="0" ignored="0" total="1" passed="1">
  <reporter-output>
  </reporter-output>
  <suite name="Default suite" duration-ms="39389" started-at="2021-04-26T12:22:38 IST" finished-at="2021-04-26T12:23:17 IST">
    <groups>
    </groups>
    <test name="Default test" duration-ms="39389" started-at="2021-04-26T12:22:38 IST" finished-at="2021-04-26T12:23:17 IST">
      <class name="com.devops.test.GmailTitleTest">
        <test-method status="PASS" signature="test()[pri:0, instance:com.devops.test.GmailTitleTest@614ddd49]" name="test" duration-ms="39036" started-at="2021-04-26T12:22:38 IST" finished-at="2021-04-26T12:23:17 IST">
          <reporter-output>
          </reporter-output>
        </test-method> <!-- test -->
      </class> <!-- com.devops.test.GmailTitleTest -->
    </test> <!-- Default test -->
  </suite> <!-- Default suite -->
</testng-results>
